[2023-08-10 18:24:41] Executing bootstrap tasks
[2023-08-10 18:24:41] OpenJDK Runtime Environment 17.0.7+7
[2023-08-10 18:24:41] Product org.eclipse.products.epp.package.java.2023-06
[2023-08-10 18:24:41] Bundle org.eclipse.oomph.setup 1.26.0.v20230416-0656, build=5945, branch=c5558820f367665758d4d719b7553a02ff4954e0
[2023-08-10 18:24:41] Bundle org.eclipse.oomph.setup.core 1.27.0.v20230402-0730, build=5945, branch=c5558820f367665758d4d719b7553a02ff4954e0
[2023-08-10 18:24:41] Bundle org.eclipse.oomph.setup.p2 1.19.0.v20230416-1150, build=5945, branch=c5558820f367665758d4d719b7553a02ff4954e0
[2023-08-10 18:24:41] Performing P2 Director (Eclipse IDE for Java Developers (2023-06))
[2023-08-10 18:24:41] Offline = false
[2023-08-10 18:24:41] Mirrors = true
[2023-08-10 18:24:41] Resolving 26 requirements from 3 repositories to D:\SYBCA\CORE JAVA\Unit-2\eclipse
[2023-08-10 18:24:41] Requirement org.eclipse.equinox.p2.iu:epp.package.java [4.28.0,5.0.0) (filter=(|(&(osgi.arch=aarch64)(osgi.os=linux)(osgi.ws=gtk))(&(osgi.arch=aarch64)(osgi.os=macosx)(osgi.ws=cocoa))(&(osgi.arch=x86_64)(osgi.os=linux)(osgi.ws=gtk))(&(osgi.arch=x86_64)(osgi.os=macosx)(osgi.ws=cocoa))(&(osgi.arch=x86_64)(osgi.os=win32)(osgi.ws=win32))))
[2023-08-10 18:24:41] Requirement org.eclipse.equinox.p2.iu:org.eclipse.platform.feature.group [4.28.0,5.0.0)
[2023-08-10 18:24:41] Requirement org.eclipse.equinox.p2.iu:org.eclipse.rcp.feature.group [4.28.0,5.0.0)
[2023-08-10 18:24:41] Requirement org.eclipse.equinox.p2.iu:org.eclipse.buildship.feature.group
[2023-08-10 18:24:41] Requirement org.eclipse.equinox.p2.iu:org.eclipse.eclemma.feature.feature.group
[2023-08-10 18:24:41] Requirement org.eclipse.equinox.p2.iu:org.eclipse.egit.feature.group
[2023-08-10 18:24:41] Requirement org.eclipse.equinox.p2.iu:org.eclipse.epp.mpc.feature.group
[2023-08-10 18:24:41] Requirement org.eclipse.equinox.p2.iu:org.eclipse.jdt.bcoview.feature.feature.group
[2023-08-10 18:24:41] Requirement org.eclipse.equinox.p2.iu:org.eclipse.jdt.feature.group
[2023-08-10 18:24:41] Requirement org.eclipse.equinox.p2.iu:org.eclipse.jgit.feature.group
[2023-08-10 18:24:41] Requirement org.eclipse.equinox.p2.iu:org.eclipse.m2e.feature.feature.group
[2023-08-10 18:24:41] Requirement org.eclipse.equinox.p2.iu:org.eclipse.m2e.lemminx.feature.feature.group
[2023-08-10 18:24:41] Requirement org.eclipse.equinox.p2.iu:org.eclipse.m2e.logback.feature.feature.group
[2023-08-10 18:24:41] Requirement org.eclipse.equinox.p2.iu:org.eclipse.mylyn.commons.activity.feature.group
[2023-08-10 18:24:41] Requirement org.eclipse.equinox.p2.iu:org.eclipse.mylyn.egit.feature.feature.group
[2023-08-10 18:24:41] Requirement org.eclipse.equinox.p2.iu:org.eclipse.mylyn.git.feature.group
[2023-08-10 18:24:41] Requirement org.eclipse.equinox.p2.iu:org.eclipse.mylyn.github.feature.feature.group
[2023-08-10 18:24:41] Requirement org.eclipse.equinox.p2.iu:org.eclipse.mylyn.hudson.feature.group
[2023-08-10 18:24:41] Requirement org.eclipse.equinox.p2.iu:org.eclipse.mylyn.ide_feature.feature.group
[2023-08-10 18:24:41] Requirement org.eclipse.equinox.p2.iu:org.eclipse.mylyn.java_feature.feature.group
[2023-08-10 18:24:41] Requirement org.eclipse.equinox.p2.iu:org.eclipse.mylyn.reviews.feature.feature.group
[2023-08-10 18:24:41] Requirement org.eclipse.equinox.p2.iu:org.eclipse.mylyn.wikitext_feature.feature.group
[2023-08-10 18:24:41] Requirement org.eclipse.equinox.p2.iu:org.eclipse.tips.feature.feature.group
[2023-08-10 18:24:41] Requirement org.eclipse.equinox.p2.iu:org.eclipse.tm.terminal.feature.feature.group
[2023-08-10 18:24:41] Requirement org.eclipse.equinox.p2.iu:org.eclipse.wildwebdeveloper.xml.feature.feature.group
[2023-08-10 18:24:41] Requirement org.eclipse.equinox.p2.iu:org.eclipse.oomph.setup.feature.group
[2023-08-10 18:24:41] Repository https://download.eclipse.org/technology/epp/packages/2023-06/202306081200
[2023-08-10 18:24:41] Repository https://download.eclipse.org/releases/2023-06/202306141000
[2023-08-10 18:24:41] Repository https://download.eclipse.org/oomph/updates/milestone/latest
[2023-08-10 18:24:52] Calculating requirements and dependencies.
[2023-08-10 18:24:53] Computing prerequisite plan
[2023-08-10 18:25:02] Collecting 2 artifacts from https://download.eclipse.org/releases/2023-06/202306141000
[2023-08-10 18:25:03] Downloading org.eclipse.rcp_root
[2023-08-10 18:25:03] Downloading org.eclipse.platform_root
[2023-08-10 18:25:03] Collected 2 artifacts for https://download.eclipse.org/releases/2023-06/202306141000 in 1.286s
[2023-08-10 18:25:03] Collecting 1 artifacts from https://download.eclipse.org/technology/epp/packages/2023-06/202306081200
[2023-08-10 18:25:03] Downloading epp.package.java.executable.win32.win32.x86_64
[2023-08-10 18:25:03] Collected 1 artifacts for https://download.eclipse.org/technology/epp/packages/2023-06/202306081200 in 0s
[2023-08-10 18:25:03] Collecting 24 artifacts from https://download.eclipse.org/oomph/updates/milestone/latest
[2023-08-10 18:25:05] Downloading org.eclipse.oomph.p2
[2023-08-10 18:25:05] Downloading org.eclipse.oomph.setup
[2023-08-10 18:25:05] Downloading org.eclipse.oomph.jreinfo
[2023-08-10 18:25:05] Downloading org.eclipse.oomph.setup.p2.edit
[2023-08-10 18:25:05] Downloading org.eclipse.oomph.setup.core
[2023-08-10 18:25:05] Downloading org.eclipse.oomph.workingsets
[2023-08-10 18:25:05] Downloading org.eclipse.oomph.setup.p2
[2023-08-10 18:25:05] Downloading org.eclipse.oomph.base.edit
[2023-08-10 18:25:05] Downloading org.eclipse.oomph.p2
[2023-08-10 18:25:05] Downloading org.eclipse.oomph.base
[2023-08-10 18:25:07] Fetching org.eclipse.oomph.workingsets_1.14.0.v20230617-1322.jar from https://download.eclipse.org/oomph/drops/milestone/S20230802-094623-1.30.0-M2/plugins/ (48.66kB)
[2023-08-10 18:25:08] Fetching org.eclipse.oomph.setup.p2.edit_1.16.0.v20230617-1322.jar from https://download.eclipse.org/oomph/drops/milestone/S20230802-094623-1.30.0-M2/plugins/ (27.55kB)
[2023-08-10 18:25:08] Fetching org.eclipse.oomph.jreinfo_1.18.0.v20230801-1442.jar from https://download.eclipse.org/oomph/drops/milestone/S20230802-094623-1.30.0-M2/plugins/ (41.07kB)
[2023-08-10 18:25:08] Fetching org.eclipse.oomph.base.edit_1.17.0.v20230617-1322.jar from https://download.eclipse.org/oomph/drops/milestone/S20230802-094623-1.30.0-M2/plugins/ (67.74kB)
[2023-08-10 18:25:08] Fetching org.eclipse.oomph.setup.core_1.28.0.v20230801-1442.jar from https://download.eclipse.org/oomph/drops/milestone/S20230802-094623-1.30.0-M2/features/ (21.09kB)
[2023-08-10 18:25:08] Fetching org.eclipse.oomph.setup.p2_1.20.0.v20230617-1322.jar from https://download.eclipse.org/oomph/drops/milestone/S20230802-094623-1.30.0-M2/plugins/ (52.38kB)
[2023-08-10 18:25:09] Fetching org.eclipse.oomph.p2_1.17.0.v20230617-1322.jar from https://download.eclipse.org/oomph/drops/milestone/S20230802-094623-1.30.0-M2/plugins/ (70.01kB)
[2023-08-10 18:25:09] Fetching org.eclipse.oomph.jreinfo_1.18.0.v20230801-1442.jar from https://download.eclipse.org/oomph/drops/milestone/S20230802-094623-1.30.0-M2/plugins/
[2023-08-10 18:25:09] Fetching org.eclipse.oomph.base.edit_1.17.0.v20230617-1322.jar from https://download.eclipse.org/oomph/drops/milestone/S20230802-094623-1.30.0-M2/plugins/
[2023-08-10 18:25:10] Fetching org.eclipse.oomph.setup_1.29.0.v20230801-1442.jar from https://download.eclipse.org/oomph/drops/milestone/S20230802-094623-1.30.0-M2/features/ (21kB)
[2023-08-10 18:25:10] Downloading org.eclipse.oomph.predicates
[2023-08-10 18:25:10] Fetching org.eclipse.oomph.base_1.18.0.v20230617-1322.jar from https://download.eclipse.org/oomph/drops/milestone/S20230802-094623-1.30.0-M2/plugins/ (71.57kB)
[2023-08-10 18:25:10] Downloading org.eclipse.oomph.preferences
[2023-08-10 18:25:10] Fetching org.eclipse.oomph.p2_1.17.0.v20230617-1322.jar from https://download.eclipse.org/oomph/drops/milestone/S20230802-094623-1.30.0-M2/plugins/
[2023-08-10 18:25:10] Fetching org.eclipse.oomph.setup.p2_1.20.0.v20230617-1322.jar from https://download.eclipse.org/oomph/drops/milestone/S20230802-094623-1.30.0-M2/plugins/
[2023-08-10 18:25:10] Fetching org.eclipse.oomph.workingsets_1.14.0.v20230617-1322.jar from https://download.eclipse.org/oomph/drops/milestone/S20230802-094623-1.30.0-M2/plugins/
[2023-08-10 18:25:10] Downloading org.eclipse.oomph.setup.doc
[2023-08-10 18:25:10] Downloading org.eclipse.oomph.setup.ui
[2023-08-10 18:25:10] Fetching org.eclipse.oomph.setup.core_1.28.0.v20230801-1442.jar from https://download.eclipse.org/oomph/drops/milestone/S20230802-094623-1.30.0-M2/features/
[2023-08-10 18:25:11] Downloading org.eclipse.oomph.setup.editor
[2023-08-10 18:25:11] Fetching org.eclipse.oomph.setup.p2.edit_1.16.0.v20230617-1322.jar from https://download.eclipse.org/oomph/drops/milestone/S20230802-094623-1.30.0-M2/plugins/
[2023-08-10 18:25:11] Downloading org.eclipse.oomph.p2.core
[2023-08-10 18:25:11] Fetching org.eclipse.oomph.base_1.18.0.v20230617-1322.jar from https://download.eclipse.org/oomph/drops/milestone/S20230802-094623-1.30.0-M2/plugins/
[2023-08-10 18:25:11] Fetching org.eclipse.oomph.predicates_1.17.0.v20230617-1322.jar from https://download.eclipse.org/oomph/drops/milestone/S20230802-094623-1.30.0-M2/plugins/ (72.2kB)
[2023-08-10 18:25:11] Downloading org.eclipse.oomph.ui
[2023-08-10 18:25:11] Fetching org.eclipse.oomph.p2_1.27.0.v20230625-0922.jar from https://download.eclipse.org/oomph/drops/milestone/S20230802-094623-1.30.0-M2/features/ (20.94kB)
[2023-08-10 18:25:11] Fetching org.eclipse.oomph.preferences_1.14.0.v20230617-1322.jar from https://download.eclipse.org/oomph/drops/milestone/S20230802-094623-1.30.0-M2/plugins/ (88.85kB)
[2023-08-10 18:25:11] Downloading org.eclipse.oomph.p2.ui
[2023-08-10 18:25:12] Fetching org.eclipse.oomph.setup.ui_1.27.0.v20230625-0755.jar from https://download.eclipse.org/oomph/drops/milestone/S20230802-094623-1.30.0-M2/plugins/ (788.89kB)
[2023-08-10 18:25:12] Fetching org.eclipse.oomph.setup.doc_1.14.0.v20230618-0610.jar from https://download.eclipse.org/oomph/drops/milestone/S20230802-094623-1.30.0-M2/plugins/ (2.5MB)
[2023-08-10 18:25:12] Downloading org.eclipse.oomph.setup
[2023-08-10 18:25:12] Downloading org.eclipse.oomph.setup.core
[2023-08-10 18:25:12] Fetching org.eclipse.oomph.setup.editor_1.26.0.v20230718-1506.jar from https://download.eclipse.org/oomph/drops/milestone/S20230802-094623-1.30.0-M2/plugins/ (516.39kB)
[2023-08-10 18:25:12] Fetching org.eclipse.oomph.preferences_1.14.0.v20230617-1322.jar from https://download.eclipse.org/oomph/drops/milestone/S20230802-094623-1.30.0-M2/plugins/
[2023-08-10 18:25:12] Fetching org.eclipse.oomph.p2.core_1.26.0.v20230617-1322.jar from https://download.eclipse.org/oomph/drops/milestone/S20230802-094623-1.30.0-M2/plugins/ (410.78kB)
[2023-08-10 18:25:12] Downloading org.eclipse.oomph.p2.doc
[2023-08-10 18:25:12] Downloading org.eclipse.oomph.util
[2023-08-10 18:25:12] Fetching org.eclipse.oomph.ui_1.19.0.v20230625-0755.jar from https://download.eclipse.org/oomph/drops/milestone/S20230802-094623-1.30.0-M2/plugins/ (402.83kB)
[2023-08-10 18:25:13] Fetching org.eclipse.oomph.p2.ui_1.21.0.v20230625-0922.jar from https://download.eclipse.org/oomph/drops/milestone/S20230802-094623-1.30.0-M2/plugins/ (379.18kB)
[2023-08-10 18:25:13] Fetching org.eclipse.oomph.setup.ui_1.27.0.v20230625-0755.jar from https://download.eclipse.org/oomph/drops/milestone/S20230802-094623-1.30.0-M2/plugins/
[2023-08-10 18:25:13] Fetching org.eclipse.oomph.setup.doc_1.14.0.v20230618-0610.jar from https://download.eclipse.org/oomph/drops/milestone/S20230802-094623-1.30.0-M2/plugins/
[2023-08-10 18:25:13] Fetching org.eclipse.oomph.setup.editor_1.26.0.v20230718-1506.jar from https://download.eclipse.org/oomph/drops/milestone/S20230802-094623-1.30.0-M2/plugins/
[2023-08-10 18:25:13] Fetching org.eclipse.oomph.setup_1.27.0.v20230714-1137.jar from https://download.eclipse.org/oomph/drops/milestone/S20230802-094623-1.30.0-M2/plugins/ (362.64kB)
[2023-08-10 18:25:13] Fetching org.eclipse.oomph.setup.core_1.28.0.v20230618-0610.jar from https://download.eclipse.org/oomph/drops/milestone/S20230802-094623-1.30.0-M2/plugins/ (338.77kB)
[2023-08-10 18:25:13] Fetching org.eclipse.oomph.p2.core_1.26.0.v20230617-1322.jar from https://download.eclipse.org/oomph/drops/milestone/S20230802-094623-1.30.0-M2/plugins/
[2023-08-10 18:25:14] Fetching org.eclipse.oomph.ui_1.19.0.v20230625-0755.jar from https://download.eclipse.org/oomph/drops/milestone/S20230802-094623-1.30.0-M2/plugins/
[2023-08-10 18:25:14] Fetching org.eclipse.oomph.p2.ui_1.21.0.v20230625-0922.jar from https://download.eclipse.org/oomph/drops/milestone/S20230802-094623-1.30.0-M2/plugins/
[2023-08-10 18:25:14] Fetching org.eclipse.oomph.p2.doc_1.14.0.v20230625-0755.jar from https://download.eclipse.org/oomph/drops/milestone/S20230802-094623-1.30.0-M2/plugins/ (316.94kB)
[2023-08-10 18:25:14] Fetching org.eclipse.oomph.util_1.20.0.v20230620-1408.jar from https://download.eclipse.org/oomph/drops/milestone/S20230802-094623-1.30.0-M2/plugins/ (232.61kB)
[2023-08-10 18:25:14] Fetching org.eclipse.oomph.setup_1.27.0.v20230714-1137.jar from https://download.eclipse.org/oomph/drops/milestone/S20230802-094623-1.30.0-M2/plugins/
[2023-08-10 18:25:14] Fetching org.eclipse.oomph.setup.core_1.28.0.v20230618-0610.jar from https://download.eclipse.org/oomph/drops/milestone/S20230802-094623-1.30.0-M2/plugins/
[2023-08-10 18:25:15] Fetching org.eclipse.oomph.p2.doc_1.14.0.v20230625-0755.jar from https://download.eclipse.org/oomph/drops/milestone/S20230802-094623-1.30.0-M2/plugins/
[2023-08-10 18:25:15] Fetching org.eclipse.oomph.util_1.20.0.v20230620-1408.jar from https://download.eclipse.org/oomph/drops/milestone/S20230802-094623-1.30.0-M2/plugins/
[2023-08-10 18:25:18] Downloading org.eclipse.oomph.resources
[2023-08-10 18:25:18] Downloading org.eclipse.oomph.workingsets.editor
[2023-08-10 18:25:20] Fetching org.eclipse.oomph.resources_1.18.0.v20230617-1322.jar from https://download.eclipse.org/oomph/drops/milestone/S20230802-094623-1.30.0-M2/plugins/ (123.17kB)
[2023-08-10 18:25:21] Fetching org.eclipse.oomph.resources_1.18.0.v20230617-1322.jar from https://download.eclipse.org/oomph/drops/milestone/S20230802-094623-1.30.0-M2/plugins/
[2023-08-10 18:25:22] Fetching org.eclipse.oomph.workingsets.editor_1.15.0.v20230617-1322.jar from https://download.eclipse.org/oomph/drops/milestone/S20230802-094623-1.30.0-M2/plugins/ (116.79kB)
[2023-08-10 18:25:23] Fetching org.eclipse.oomph.workingsets.editor_1.15.0.v20230617-1322.jar from https://download.eclipse.org/oomph/drops/milestone/S20230802-094623-1.30.0-M2/plugins/
[2023-08-10 18:25:38] Mirrored 24 artifacts from https://download.eclipse.org/oomph/drops/milestone/S20230802-094623-1.30.0-M2/ at 38kb/s
[2023-08-10 18:25:38] Collected 24 artifacts for https://download.eclipse.org/oomph/updates/milestone/latest in 34.321s
[2023-08-10 18:26:22] Installing a.jre.javase [21.0.0]
[2023-08-10 18:26:22] Installing bcpg [1.73.0]
[2023-08-10 18:26:22] Installing bcpkix [1.73.0]
[2023-08-10 18:26:22] Installing bcprov [1.73.0]
[2023-08-10 18:26:22] Installing bcutil [1.73.0]
[2023-08-10 18:26:22] Installing ch.qos.logback.classic [1.2.12]
[2023-08-10 18:26:22] Installing ch.qos.logback.core [1.2.12]
[2023-08-10 18:26:22] Installing com.google.gson [2.10.1.v20230109-0753]
[2023-08-10 18:26:22] Installing com.google.guava [31.1.0.jre]
[2023-08-10 18:26:22] Installing com.google.guava.failureaccess [1.0.1]
[2023-08-10 18:26:22] Installing com.googlecode.javaewah.JavaEWAH [1.2.3]
[2023-08-10 18:26:22] Installing com.ibm.icu [73.1.0]
[2023-08-10 18:26:22] Installing com.jcraft.jsch [0.1.55.v20221112-0806]
[2023-08-10 18:26:22] Installing com.mountainminds.eclemma.core [3.1.7.202306070845]
[2023-08-10 18:26:22] Installing com.sun.el.javax.el [3.0.0]
[2023-08-10 18:26:22] Installing com.sun.jna [5.13.0]
[2023-08-10 18:26:22] Installing com.sun.jna.platform [5.13.0]
[2023-08-10 18:26:22] Installing com.sun.xml.bind [2.3.3.v20221203-1659]
[2023-08-10 18:26:22] Installing epp.package.java [4.28.0.20230608-1200]
[2023-08-10 18:26:22] Installing epp.package.java.executable.win32.win32.x86_64 [4.28.0.20230608-1200]
[2023-08-10 18:26:22] Installing epp.package.java.executable.win32.win32.x86_64.eclipse [4.28.0.20230608-1200]
[2023-08-10 18:26:22] Installing jakarta.servlet-api [4.0.0]
[2023-08-10 18:26:22] Installing jakarta.xml.bind [2.3.3.v20221203-1659]
[2023-08-10 18:26:22] Installing javax.activation [1.2.2.v20221203-1659]
[2023-08-10 18:26:22] Installing javax.annotation [1.3.5.v20230504-0748]
[2023-08-10 18:26:22] Installing javax.el-api [3.0.3]
[2023-08-10 18:26:22] Installing javax.inject [1.0.0.v20220405-0441]
[2023-08-10 18:26:22] Installing javax.servlet.jsp-api [2.3.3]
[2023-08-10 18:26:22] Installing javax.xml [1.4.1.v20220503-2331]
[2023-08-10 18:26:22] Installing junit-jupiter-api [5.9.3]
[2023-08-10 18:26:22] Installing junit-jupiter-engine [5.9.3]
[2023-08-10 18:26:22] Installing junit-jupiter-migrationsupport [5.9.3]
[2023-08-10 18:26:22] Installing junit-jupiter-params [5.9.3]
[2023-08-10 18:26:22] Installing junit-platform-commons [1.9.3]
[2023-08-10 18:26:22] Installing junit-platform-engine [1.9.3]
[2023-08-10 18:26:22] Installing junit-platform-launcher [1.9.3]
[2023-08-10 18:26:22] Installing junit-platform-runner [1.9.3]
[2023-08-10 18:26:22] Installing junit-platform-suite-api [1.9.3]
[2023-08-10 18:26:22] Installing junit-platform-suite-commons [1.9.3]
[2023-08-10 18:26:22] Installing junit-platform-suite-engine [1.9.3]
[2023-08-10 18:26:22] Installing junit-vintage-engine [5.9.3]
[2023-08-10 18:26:22] Installing net.i2p.crypto.eddsa [0.3.0.v20220506-1020]
[2023-08-10 18:26:22] Installing org.apache.ant [1.10.12.v20211102-1452]
[2023-08-10 18:26:22] Installing org.apache.aries.spifly.dynamic.bundle [1.3.6]
[2023-08-10 18:26:22] Installing org.apache.batik.constants [1.16.0.v20221027-0840]
[2023-08-10 18:26:22] Installing org.apache.batik.css [1.16.0.v20221027-0840]
[2023-08-10 18:26:22] Installing org.apache.batik.i18n [1.16.0.v20221027-0840]
[2023-08-10 18:26:22] Installing org.apache.batik.util [1.16.0.v20221027-0840]
[2023-08-10 18:26:22] Installing org.apache.commons.cli [1.5.0]
[2023-08-10 18:26:22] Installing org.apache.commons.codec [1.14.0.v20221112-0806]
[2023-08-10 18:26:22] Installing org.apache.commons.compress [1.22.0.v20221207-1049]
[2023-08-10 18:26:22] Installing org.apache.commons.httpclient [3.1.0.v201012070820]
[2023-08-10 18:26:22] Installing org.apache.commons.io [2.8.0.v20210415-0900]
[2023-08-10 18:26:22] Installing org.apache.commons.jxpath [1.3.0.v200911051830]
[2023-08-10 18:26:22] Installing org.apache.commons.lang [2.6.0.v20220406-2305]
[2023-08-10 18:26:22] Installing org.apache.commons.logging [1.2.0.v20180409-1502]
[2023-08-10 18:26:22] Installing org.apache.felix.gogo.command [1.1.2]
[2023-08-10 18:26:22] Installing org.apache.felix.gogo.runtime [1.1.6]
[2023-08-10 18:26:22] Installing org.apache.felix.gogo.shell [1.1.4]
[2023-08-10 18:26:22] Installing org.apache.felix.scr [2.2.6]
[2023-08-10 18:26:22] Installing org.apache.httpcomponents.client5.httpclient5 [5.1.3.v20221013-1742]
[2023-08-10 18:26:22] Installing org.apache.httpcomponents.client5.httpclient5-win [5.1.3.v20221013-1742]
[2023-08-10 18:26:22] Installing org.apache.httpcomponents.core5.httpcore5 [5.1.4.v20221013-1742]
[2023-08-10 18:26:22] Installing org.apache.httpcomponents.core5.httpcore5-h2 [5.1.4.v20221013-1742]
[2023-08-10 18:26:22] Installing org.apache.httpcomponents.httpclient [4.5.14.v20230516-1249]
[2023-08-10 18:26:22] Installing org.apache.httpcomponents.httpcore [4.4.16.v20221207-1049]
[2023-08-10 18:26:22] Installing org.apache.jasper.glassfish [2.2.2.v201501141630]
[2023-08-10 18:26:22] Installing org.apache.lucene.analysis-common [9.4.2.v20221211-0752]
[2023-08-10 18:26:22] Installing org.apache.lucene.analysis-smartcn [9.4.2.v20221211-0752]
[2023-08-10 18:26:22] Installing org.apache.lucene.core [9.4.2.v20221211-0752]
[2023-08-10 18:26:22] Installing org.apache.lucene.queries [9.5.0.v20230521-0510]
[2023-08-10 18:26:22] Installing org.apache.lucene.queryparser [9.5.0.v20230521-0510]
[2023-08-10 18:26:22] Installing org.apache.lucene.sandbox [9.5.0.v20230521-0510]
[2023-08-10 18:26:22] Installing org.apache.sshd.osgi [2.10.0]
[2023-08-10 18:26:22] Installing org.apache.sshd.sftp [2.10.0]
[2023-08-10 18:26:22] Installing org.apache.xerces [2.12.2.v20220131-0835]
[2023-08-10 18:26:22] Installing org.apache.xml.resolver [1.2.0.v20220715-1206]
[2023-08-10 18:26:22] Installing org.apache.xmlgraphics [2.7.0.v20221018-0736]
[2023-08-10 18:26:22] Installing org.apiguardian.api [1.1.2]
[2023-08-10 18:26:22] Installing org.eclipse.ant.core [3.7.0.v20230329-1001]
[2023-08-10 18:26:22] Installing org.eclipse.ant.launching [1.4.0.v20230329-1001]
[2023-08-10 18:26:22] Installing org.eclipse.ant.ui [3.9.0.v20230329-1001]
[2023-08-10 18:26:22] Installing org.eclipse.buildship.branding [3.1.7.v20230428-1350]
[2023-08-10 18:26:22] Installing org.eclipse.buildship.compat [3.1.7.v20230428-1350]
[2023-08-10 18:26:22] Installing org.eclipse.buildship.core [3.1.7.v20230428-1350]
[2023-08-10 18:26:22] Installing org.eclipse.buildship.feature.group [3.1.7.v20230428-1350]
[2023-08-10 18:26:22] Installing org.eclipse.buildship.feature.jar [3.1.7.v20230428-1350]
[2023-08-10 18:26:22] Installing org.eclipse.buildship.ui [3.1.7.v20230428-1350]
[2023-08-10 18:26:22] Installing org.eclipse.cdt.core.native [6.3.200.202303140100]
[2023-08-10 18:26:22] Installing org.eclipse.cdt.core.win32 [6.1.0.202211062329]
[2023-08-10 18:26:22] Installing org.eclipse.cdt.core.win32.x86_64 [11.2.0.202306051917]
[2023-08-10 18:26:22] Installing org.eclipse.compare [3.9.0.v20230504-0624]
[2023-08-10 18:26:22] Installing org.eclipse.compare.core [3.8.0.v20230517-1315]
[2023-08-10 18:26:22] Installing org.eclipse.compare.win32 [1.3.0.v20230317-0901]
[2023-08-10 18:26:22] Installing org.eclipse.core.commands [3.11.0.v20230317-0802]
[2023-08-10 18:26:22] Installing org.eclipse.core.contenttype [3.9.0.v20230412-0829]
[2023-08-10 18:26:22] Installing org.eclipse.core.databinding [1.13.0.v20230501-1533]
[2023-08-10 18:26:22] Installing org.eclipse.core.databinding.beans [1.10.0.v20230317-0802]
[2023-08-10 18:26:22] Installing org.eclipse.core.databinding.observable [1.13.0.v20230501-1533]
[2023-08-10 18:26:22] Installing org.eclipse.core.databinding.property [1.10.0.v20230317-0802]
[2023-08-10 18:26:22] Installing org.eclipse.core.expressions [3.9.0.v20230317-0901]
[2023-08-10 18:26:22] Installing org.eclipse.core.externaltools [1.3.0.v20230317-0802]
[2023-08-10 18:26:22] Installing org.eclipse.core.filebuffers [3.8.0.v20230316-1200]
[2023-08-10 18:26:22] Installing org.eclipse.core.filesystem [1.10.0.v20230425-0513]
[2023-08-10 18:26:22] Installing org.eclipse.core.filesystem.win32.x86_64 [1.4.300.v20220812-1420]
[2023-08-10 18:26:22] Installing org.eclipse.core.jobs [3.14.0.v20230317-0901]
[2023-08-10 18:26:22] Installing org.eclipse.core.net [1.5.0.v20230317-0901]
[2023-08-10 18:26:22] Installing org.eclipse.core.net.win32 [1.1.0.v20230317-0901]
[2023-08-10 18:26:22] Installing org.eclipse.core.net.win32.x86_64 [1.2.0.v20230317-0901]
[2023-08-10 18:26:22] Installing org.eclipse.core.resources [3.19.0.v20230510-1240]
[2023-08-10 18:26:22] Installing org.eclipse.core.resources.win32.x86_64 [3.5.500.v20220812-1420]
[2023-08-10 18:26:22] Installing org.eclipse.core.runtime [3.27.0.v20230515-1719]
[2023-08-10 18:26:22] Installing org.eclipse.core.variables [3.6.0.v20230317-0802]
[2023-08-10 18:26:22] Installing org.eclipse.debug.core [3.21.0.v20230508-1538]
[2023-08-10 18:26:22] Installing org.eclipse.debug.ui [3.18.0.v20230516-0719]
[2023-08-10 18:26:22] Installing org.eclipse.debug.ui.launchview [1.1.0.v20230429-1604]
[2023-08-10 18:26:22] Installing org.eclipse.e4.core.commands [1.1.0.v20230501-1823]
[2023-08-10 18:26:22] Installing org.eclipse.e4.core.contexts [1.12.0.v20230510-1240]
[2023-08-10 18:26:22] Installing org.eclipse.e4.core.di [1.9.0.v20230429-1914]
[2023-08-10 18:26:22] Installing org.eclipse.e4.core.di.annotations [1.8.0.v20230429-1914]
[2023-08-10 18:26:22] Installing org.eclipse.e4.core.di.extensions [0.18.0.v20230429-1914]
[2023-08-10 18:26:22] Installing org.eclipse.e4.core.di.extensions.supplier [0.17.0.v20230429-1914]
[2023-08-10 18:26:22] Installing org.eclipse.e4.core.services [2.4.0.v20230429-1914]
[2023-08-10 18:26:22] Installing org.eclipse.e4.emf.xpath [0.4.0.v20230317-0802]
[2023-08-10 18:26:22] Installing org.eclipse.e4.rcp.feature.group [4.28.0.v20230525-0648]
[2023-08-10 18:26:22] Installing org.eclipse.e4.rcp.feature.jar [4.28.0.v20230525-0648]
[2023-08-10 18:26:22] Installing org.eclipse.e4.ui.bindings [0.14.0.v20230501-1823]
[2023-08-10 18:26:22] Installing org.eclipse.e4.ui.css.core [0.14.0.v20230317-0802]
[2023-08-10 18:26:22] Installing org.eclipse.e4.ui.css.swt [0.15.0.v20230317-0802]
[2023-08-10 18:26:22] Installing org.eclipse.e4.ui.css.swt.theme [0.14.0.v20230501-1533]
[2023-08-10 18:26:22] Installing org.eclipse.e4.ui.di [1.5.0.v20230501-1823]
[2023-08-10 18:26:22] Installing org.eclipse.e4.ui.dialogs [1.4.0.v20230317-0802]
[2023-08-10 18:26:22] Installing org.eclipse.e4.ui.ide [3.17.0.v20230317-0802]
[2023-08-10 18:26:22] Installing org.eclipse.e4.ui.model.workbench [2.4.0.v20230404-0801]
[2023-08-10 18:26:22] Installing org.eclipse.e4.ui.progress [0.4.0.v20230501-1823]
[2023-08-10 18:26:22] Installing org.eclipse.e4.ui.services [1.6.0.v20230501-1823]
[2023-08-10 18:26:22] Installing org.eclipse.e4.ui.swt.win32 [1.2.0.v20230501-1823]
[2023-08-10 18:26:22] Installing org.eclipse.e4.ui.widgets [1.4.0.v20230317-0802]
[2023-08-10 18:26:22] Installing org.eclipse.e4.ui.workbench [1.15.0.v20230501-1823]
[2023-08-10 18:26:22] Installing org.eclipse.e4.ui.workbench.addons.swt [1.5.0.v20230501-1823]
[2023-08-10 18:26:22] Installing org.eclipse.e4.ui.workbench.renderers.swt [0.16.0.v20230525-0648]
[2023-08-10 18:26:22] Installing org.eclipse.e4.ui.workbench.swt [0.17.0.v20230501-1823]
[2023-08-10 18:26:22] Installing org.eclipse.e4.ui.workbench3 [0.17.0.v20230317-0802]
[2023-08-10 18:26:22] Installing org.eclipse.ecf [3.11.0.v20230507-1923]
[2023-08-10 18:26:22] Installing org.eclipse.ecf.core.feature.feature.group [1.6.1.v20230507-1923]
[2023-08-10 18:26:22] Installing org.eclipse.ecf.core.feature.feature.jar [1.6.1.v20230507-1923]
[2023-08-10 18:26:22] Installing org.eclipse.ecf.core.ssl.feature.feature.group [1.1.501.v20230507-1921]
[2023-08-10 18:26:22] Installing org.eclipse.ecf.core.ssl.feature.feature.jar [1.1.501.v20230507-1921]
[2023-08-10 18:26:22] Installing org.eclipse.ecf.discovery [5.1.2.v20230528-2254]
[2023-08-10 18:26:22] Installing org.eclipse.ecf.filetransfer [5.1.102.v20210409-2301]
[2023-08-10 18:26:22] Installing org.eclipse.ecf.filetransfer.feature.feature.group [3.14.1800.v20230422-0242]
[2023-08-10 18:26:22] Installing org.eclipse.ecf.filetransfer.feature.feature.jar [3.14.1800.v20230422-0242]
[2023-08-10 18:26:22] Installing org.eclipse.ecf.filetransfer.httpclient5.feature.feature.group [1.1.701.v20230423-0417]
[2023-08-10 18:26:22] Installing org.eclipse.ecf.filetransfer.httpclient5.feature.feature.jar [1.1.701.v20230423-0417]
[2023-08-10 18:26:22] Installing org.eclipse.ecf.filetransfer.ssl.feature.feature.group [1.1.401.v20230422-0242]
[2023-08-10 18:26:22] Installing org.eclipse.ecf.filetransfer.ssl.feature.feature.jar [1.1.401.v20230422-0242]
[2023-08-10 18:26:22] Installing org.eclipse.ecf.identity [3.10.0.v20230422-0242]
[2023-08-10 18:26:22] Installing org.eclipse.ecf.provider.filetransfer [3.3.0.v20230422-0242]
[2023-08-10 18:26:22] Installing org.eclipse.ecf.provider.filetransfer.httpclient5 [1.1.0.v20230423-0417]
[2023-08-10 18:26:22] Installing org.eclipse.ecf.provider.filetransfer.httpclient5.win32 [1.1.0.v20230423-0417]
[2023-08-10 18:26:22] Installing org.eclipse.ecf.provider.filetransfer.ssl [1.1.0.v20230422-0242]
[2023-08-10 18:26:22] Installing org.eclipse.ecf.provider.jmdns [4.3.302.v20221117-1507]
[2023-08-10 18:26:22] Installing org.eclipse.ecf.ssl [1.3.0.v20230507-1921]
[2023-08-10 18:26:22] Installing org.eclipse.eclemma.core [3.1.7.202306070845]
[2023-08-10 18:26:22] Installing org.eclipse.eclemma.doc [3.1.7.202306070845]
[2023-08-10 18:26:23] Installing org.eclipse.eclemma.feature.feature.group [3.1.7.202306070845]
[2023-08-10 18:26:23] Installing org.eclipse.eclemma.feature.feature.jar [3.1.7.202306070845]
[2023-08-10 18:26:23] Installing org.eclipse.eclemma.ui [3.1.7.202306070845]
[2023-08-10 18:26:23] Installing org.eclipse.egit [6.6.0.202305301015-r]
[2023-08-10 18:26:23] Installing org.eclipse.egit.core [6.6.0.202305301015-r]
[2023-08-10 18:26:23] Installing org.eclipse.egit.doc [6.6.0.202305301015-r]
[2023-08-10 18:26:23] Installing org.eclipse.egit.feature.group [6.6.0.202305301015-r]
[2023-08-10 18:26:23] Installing org.eclipse.egit.feature.jar [6.6.0.202305301015-r]
[2023-08-10 18:26:23] Installing org.eclipse.egit.github.core [6.1.0.202203080745-r]
[2023-08-10 18:26:23] Installing org.eclipse.egit.ui [6.6.0.202305301015-r]
[2023-08-10 18:26:23] Installing org.eclipse.emf.common [2.28.0.v20230315-1321]
[2023-08-10 18:26:23] Installing org.eclipse.emf.common.feature.group [2.29.0.v20230315-1321]
[2023-08-10 18:26:23] Installing org.eclipse.emf.common.feature.jar [2.29.0.v20230315-1321]
[2023-08-10 18:26:23] Installing org.eclipse.emf.common.ui [2.21.0.v20230211-1150]
[2023-08-10 18:26:23] Installing org.eclipse.emf.databinding [1.7.0.v20230211-1150]
[2023-08-10 18:26:23] Installing org.eclipse.emf.ecore [2.34.0.v20230406-1203]
[2023-08-10 18:26:23] Installing org.eclipse.emf.ecore.change [2.15.0.v20230211-1150]
[2023-08-10 18:26:23] Installing org.eclipse.emf.ecore.edit [2.14.0.v20230211-1150]
[2023-08-10 18:26:23] Installing org.eclipse.emf.ecore.feature.group [2.32.0.v20230406-1203]
[2023-08-10 18:26:23] Installing org.eclipse.emf.ecore.feature.jar [2.32.0.v20230406-1203]
[2023-08-10 18:26:23] Installing org.eclipse.emf.ecore.xmi [2.18.0.v20230211-1150]
[2023-08-10 18:26:23] Installing org.eclipse.emf.edit [2.18.0.v20230211-1150]
[2023-08-10 18:26:23] Installing org.eclipse.emf.edit.ui [2.23.0.v20230211-1150]
[2023-08-10 18:26:23] Installing org.eclipse.epp.mpc.core [1.10.1.v20221110-1841]
[2023-08-10 18:26:23] Installing org.eclipse.epp.mpc.core.win32 [1.10.1.v20221110-1841]
[2023-08-10 18:26:23] Installing org.eclipse.epp.mpc.feature.group [1.10.1.v20221110-1841]
[2023-08-10 18:26:23] Installing org.eclipse.epp.mpc.feature.jar [1.10.1.v20221110-1841]
[2023-08-10 18:26:23] Installing org.eclipse.epp.mpc.help.ui [1.10.1.v20221110-1841]
[2023-08-10 18:26:23] Installing org.eclipse.epp.mpc.ui [1.10.1.v20221110-1841]
[2023-08-10 18:26:23] Installing org.eclipse.epp.mpc.ui.css [1.10.1.v20221110-1841]
[2023-08-10 18:26:23] Installing org.eclipse.epp.package.common [4.28.0.20230608-1200]
[2023-08-10 18:26:23] Installing org.eclipse.epp.package.common.feature.feature.group [4.28.0.20230608-1200]
[2023-08-10 18:26:23] Installing org.eclipse.epp.package.common.feature.feature.jar [4.28.0.20230608-1200]
[2023-08-10 18:26:23] Installing org.eclipse.epp.package.java [4.28.0.20230608-1200]
[2023-08-10 18:26:23] Installing org.eclipse.epp.package.java.feature.feature.group [4.28.0.20230608-1200]
[2023-08-10 18:26:23] Installing org.eclipse.epp.package.java.feature.feature.jar [4.28.0.20230608-1200]
[2023-08-10 18:26:23] Installing org.eclipse.equinox.app [1.6.200.v20220720-2012]
[2023-08-10 18:26:23] Installing org.eclipse.equinox.bidi [1.4.200.v20220710-1223]
[2023-08-10 18:26:23] Installing org.eclipse.equinox.common [3.18.0.v20230523-2142]
[2023-08-10 18:26:23] Installing org.eclipse.equinox.concurrent [1.2.100.v20211021-1418]
[2023-08-10 18:26:23] Installing org.eclipse.equinox.console [1.4.500.v20211021-1418]
[2023-08-10 18:26:23] Installing org.eclipse.equinox.event [1.6.200.v20230120-0604]
[2023-08-10 18:26:23] Installing org.eclipse.equinox.frameworkadmin [2.2.100.v20220817-1208]
[2023-08-10 18:26:23] Installing org.eclipse.equinox.frameworkadmin.equinox [1.2.300.v20230320-0659]
[2023-08-10 18:26:23] Installing org.eclipse.equinox.http.jetty [3.8.200.v20221109-0702]
[2023-08-10 18:26:23] Installing org.eclipse.equinox.http.registry [1.3.200.v20220720-2012]
[2023-08-10 18:26:23] Installing org.eclipse.equinox.http.servlet [1.7.400.v20221006-1531]
[2023-08-10 18:26:23] Installing org.eclipse.equinox.jsp.jasper [1.1.700.v20220801-1124]
[2023-08-10 18:26:23] Installing org.eclipse.equinox.jsp.jasper.registry [1.2.100.v20211021-1418]
[2023-08-10 18:26:23] Installing org.eclipse.equinox.launcher [1.6.400.v20210924-0641]
[2023-08-10 18:26:23] Installing org.eclipse.equinox.launcher.win32.win32.x86_64 [1.2.700.v20221108-1024]
[2023-08-10 18:26:23] Installing org.eclipse.equinox.p2.artifact.repository [1.5.0.v20230509-1332]
[2023-08-10 18:26:23] Installing org.eclipse.equinox.p2.console [1.3.0.v20230330-0930]
[2023-08-10 18:26:23] Installing org.eclipse.equinox.p2.core [2.10.0.v20230330-0930]
[2023-08-10 18:26:23] Installing org.eclipse.equinox.p2.core.feature.feature.group [1.6.1800.v20230509-1332]
[2023-08-10 18:26:23] Installing org.eclipse.equinox.p2.core.feature.feature.jar [1.6.1800.v20230509-1332]
[2023-08-10 18:26:23] Installing org.eclipse.equinox.p2.director [2.6.0.v20230322-1009]
[2023-08-10 18:26:23] Installing org.eclipse.equinox.p2.director.app [1.3.0.v20230330-0930]
[2023-08-10 18:26:23] Installing org.eclipse.equinox.p2.directorywatcher [1.4.0.v20230330-0930]
[2023-08-10 18:26:23] Installing org.eclipse.equinox.p2.discovery [1.3.0.v20230322-1009]
[2023-08-10 18:26:23] Installing org.eclipse.equinox.p2.discovery.compatibility [1.3.0.v20230322-1009]
[2023-08-10 18:26:23] Installing org.eclipse.equinox.p2.discovery.feature.feature.group [1.3.0.v20230322-1009]
[2023-08-10 18:26:23] Installing org.eclipse.equinox.p2.discovery.feature.feature.jar [1.3.0.v20230322-1009]
[2023-08-10 18:26:23] Installing org.eclipse.equinox.p2.engine [2.8.0.v20230509-0902]
[2023-08-10 18:26:23] Installing org.eclipse.equinox.p2.extensionlocation [1.5.0.v20230330-0930]
[2023-08-10 18:26:23] Installing org.eclipse.equinox.p2.extras.feature.feature.group [1.4.2000.v20230509-1332]
[2023-08-10 18:26:23] Installing org.eclipse.equinox.p2.extras.feature.feature.jar [1.4.2000.v20230509-1332]
[2023-08-10 18:26:23] Installing org.eclipse.equinox.p2.garbagecollector [1.3.0.v20230322-1009]
[2023-08-10 18:26:23] Installing org.eclipse.equinox.p2.jarprocessor [1.3.0.v20230330-1254]
[2023-08-10 18:26:23] Installing org.eclipse.equinox.p2.metadata [2.7.0.v20230403-0851]
[2023-08-10 18:26:23] Installing org.eclipse.equinox.p2.metadata.repository [1.5.0.v20230415-1327]
[2023-08-10 18:26:23] Installing org.eclipse.equinox.p2.operations [2.7.0.v20230322-1009]
[2023-08-10 18:26:23] Installing org.eclipse.equinox.p2.publisher [1.8.0.v20230330-1254]
[2023-08-10 18:26:23] Installing org.eclipse.equinox.p2.publisher.eclipse [1.5.0.v20230330-1254]
[2023-08-10 18:26:23] Installing org.eclipse.equinox.p2.rcp.feature.feature.group [1.4.2000.v20230510-1208]
[2023-08-10 18:26:23] Installing org.eclipse.equinox.p2.rcp.feature.feature.jar [1.4.2000.v20230510-1208]
[2023-08-10 18:26:23] Installing org.eclipse.equinox.p2.reconciler.dropins [1.5.0.v20230330-0930]
[2023-08-10 18:26:23] Installing org.eclipse.equinox.p2.repository [2.7.0.v20230507-1427]
[2023-08-10 18:26:23] Installing org.eclipse.equinox.p2.repository.tools [2.4.0.v20230330-1254]
[2023-08-10 18:26:23] Installing org.eclipse.equinox.p2.touchpoint.eclipse [2.4.0.v20230330-0930]
[2023-08-10 18:26:23] Installing org.eclipse.equinox.p2.touchpoint.natives [1.5.0.v20230330-0930]
[2023-08-10 18:26:23] Installing org.eclipse.equinox.p2.transport.ecf [1.4.0.v20230415-1327]
[2023-08-10 18:26:23] Installing org.eclipse.equinox.p2.ui [2.8.0.v20230510-1208]
[2023-08-10 18:26:23] Installing org.eclipse.equinox.p2.ui.discovery [1.3.0.v20230322-1009]
[2023-08-10 18:26:23] Installing org.eclipse.equinox.p2.ui.importexport [1.4.0.v20230330-0930]
[2023-08-10 18:26:23] Installing org.eclipse.equinox.p2.ui.sdk [1.3.0.v20230507-1427]
[2023-08-10 18:26:23] Installing org.eclipse.equinox.p2.ui.sdk.scheduler [1.6.0.v20230425-1532]
[2023-08-10 18:26:23] Installing org.eclipse.equinox.p2.updatechecker [1.4.0.v20230330-0930]
[2023-08-10 18:26:23] Installing org.eclipse.equinox.p2.updatesite [1.3.0.v20230330-1254]
[2023-08-10 18:26:23] Installing org.eclipse.equinox.p2.user.ui.feature.group [2.4.2000.v20230510-1208]
[2023-08-10 18:26:23] Installing org.eclipse.equinox.p2.user.ui.feature.jar [2.4.2000.v20230510-1208]
[2023-08-10 18:26:23] Installing org.eclipse.equinox.preferences [3.10.200.v20230120-0604]
[2023-08-10 18:26:23] Installing org.eclipse.equinox.registry [3.11.200.v20220817-1601]
[2023-08-10 18:26:23] Installing org.eclipse.equinox.security [1.3.1000.v20220801-1135]
[2023-08-10 18:26:23] Installing org.eclipse.equinox.security.ui [1.3.400.v20221007-1815]
[2023-08-10 18:26:23] Installing org.eclipse.equinox.security.win32.x86_64 [1.1.300.v20211021-1418]
[2023-08-10 18:26:23] Installing org.eclipse.equinox.simpleconfigurator [1.4.200.v20221111-1340]
[2023-08-10 18:26:23] Installing org.eclipse.equinox.simpleconfigurator.manipulator [2.2.100.v20221117-1044]
[2023-08-10 18:26:23] Installing org.eclipse.help [3.10.0.v20230317-0802]
[2023-08-10 18:26:23] Installing org.eclipse.help.base [4.4.0.v20230605-0440]
[2023-08-10 18:26:23] Installing org.eclipse.help.feature.group [2.3.1400.v20230605-0440]
[2023-08-10 18:26:23] Installing org.eclipse.help.feature.jar [2.3.1400.v20230605-0440]
[2023-08-10 18:26:23] Installing org.eclipse.help.ui [4.5.0.v20230317-0802]
[2023-08-10 18:26:23] Installing org.eclipse.help.webapp [3.11.0.v20230503-0629]
[2023-08-10 18:26:23] Installing org.eclipse.jdt [3.19.100.v20230605-0440]
[2023-08-10 18:26:23] Installing org.eclipse.jdt.annotation [2.2.700.v20220826-1026]
[2023-08-10 18:26:23] Installing org.eclipse.jdt.apt.core [3.8.0.v20230413-1556]
[2023-08-10 18:26:23] Installing org.eclipse.jdt.apt.pluggable.core [1.4.0.v20230323-1537]
[2023-08-10 18:26:23] Installing org.eclipse.jdt.apt.ui [3.8.0.v20230323-1537]
[2023-08-10 18:26:23] Installing org.eclipse.jdt.bcoview [1.2.0.v20230323-1830]
[2023-08-10 18:26:23] Installing org.eclipse.jdt.bcoview.feature.feature.group [1.2.0.v20230323-1830]
[2023-08-10 18:26:23] Installing org.eclipse.jdt.bcoview.feature.feature.jar [1.2.0.v20230323-1830]
[2023-08-10 18:26:23] Installing org.eclipse.jdt.core [3.34.0.v20230512-1803]
[2023-08-10 18:26:23] Installing org.eclipse.jdt.core.compiler.batch [3.34.0.v20230523-1233]
[2023-08-10 18:26:23] Installing org.eclipse.jdt.core.formatterapp [1.2.0.v20230323-1537]
[2023-08-10 18:26:23] Installing org.eclipse.jdt.core.manipulation [1.19.0.v20230512-1848]
[2023-08-10 18:26:23] Installing org.eclipse.jdt.debug [3.21.0.v20230329-1610]
[2023-08-10 18:26:23] Installing org.eclipse.jdt.debug.ui [3.13.0.v20230421-0438]
[2023-08-10 18:26:23] Installing org.eclipse.jdt.doc.user [3.15.1800.v20230601-1614]
[2023-08-10 18:26:23] Installing org.eclipse.jdt.feature.group [3.19.100.v20230605-0440]
[2023-08-10 18:26:23] Installing org.eclipse.jdt.feature.jar [3.19.100.v20230605-0440]
[2023-08-10 18:26:23] Installing org.eclipse.jdt.junit [3.16.0.v20230420-0409]
[2023-08-10 18:26:23] Installing org.eclipse.jdt.junit.core [3.12.0.v20230323-1830]
[2023-08-10 18:26:23] Installing org.eclipse.jdt.junit.runtime [3.7.100.v20230115-0919]
[2023-08-10 18:26:23] Installing org.eclipse.jdt.junit4.runtime [1.3.0.v20220609-1843]
[2023-08-10 18:26:23] Installing org.eclipse.jdt.junit5.runtime [1.1.100.v20220907-0450]
[2023-08-10 18:26:23] Installing org.eclipse.jdt.launching [3.20.0.v20230425-1118]
[2023-08-10 18:26:23] Installing org.eclipse.jdt.ui [3.29.0.v20230525-0728]
[2023-08-10 18:26:23] Installing org.eclipse.jetty.http [10.0.15]
[2023-08-10 18:26:23] Installing org.eclipse.jetty.io [10.0.15]
[2023-08-10 18:26:23] Installing org.eclipse.jetty.security [10.0.15]
[2023-08-10 18:26:23] Installing org.eclipse.jetty.server [10.0.15]
[2023-08-10 18:26:23] Installing org.eclipse.jetty.servlet [10.0.15]
[2023-08-10 18:26:23] Installing org.eclipse.jetty.util [10.0.15]
[2023-08-10 18:26:23] Installing org.eclipse.jetty.util.ajax [10.0.15]
[2023-08-10 18:26:23] Installing org.eclipse.jface [3.30.0.v20230509-0720]
[2023-08-10 18:26:23] Installing org.eclipse.jface.databinding [1.15.0.v20230317-0802]
[2023-08-10 18:26:23] Installing org.eclipse.jface.notifications [0.6.0.v20230317-0802]
[2023-08-10 18:26:23] Installing org.eclipse.jface.text [3.24.0.v20230525-0719]
[2023-08-10 18:26:23] Installing org.eclipse.jgit [6.6.0.202305301015-r]
[2023-08-10 18:26:23] Installing org.eclipse.jgit.archive [6.6.0.202305301015-r]
[2023-08-10 18:26:23] Installing org.eclipse.jgit.feature.group [6.6.0.202305301015-r]
[2023-08-10 18:26:23] Installing org.eclipse.jgit.feature.jar [6.6.0.202305301015-r]
[2023-08-10 18:26:23] Installing org.eclipse.jgit.gpg.bc [6.6.0.202305301015-r]
[2023-08-10 18:26:23] Installing org.eclipse.jgit.gpg.bc.feature.group [6.6.0.202305301015-r]
[2023-08-10 18:26:23] Installing org.eclipse.jgit.gpg.bc.feature.jar [6.6.0.202305301015-r]
[2023-08-10 18:26:23] Installing org.eclipse.jgit.http.apache [6.6.0.202305301015-r]
[2023-08-10 18:26:23] Installing org.eclipse.jgit.http.apache.feature.group [6.6.0.202305301015-r]
[2023-08-10 18:26:23] Installing org.eclipse.jgit.http.apache.feature.jar [6.6.0.202305301015-r]
[2023-08-10 18:26:23] Installing org.eclipse.jgit.ssh.apache [6.6.0.202305301015-r]
[2023-08-10 18:26:23] Installing org.eclipse.jgit.ssh.apache.agent [6.6.0.202305301015-r]
[2023-08-10 18:26:23] Installing org.eclipse.jgit.ssh.apache.feature.group [6.6.0.202305301015-r]
[2023-08-10 18:26:23] Installing org.eclipse.jgit.ssh.apache.feature.jar [6.6.0.202305301015-r]
[2023-08-10 18:26:23] Installing org.eclipse.jsch.core [1.5.0.v20230317-0901]
[2023-08-10 18:26:23] Installing org.eclipse.jsch.ui [1.5.0.v20230317-0901]
[2023-08-10 18:26:23] Installing org.eclipse.lsp4e [0.16.1.202305241229]
[2023-08-10 18:26:23] Installing org.eclipse.lsp4j [0.21.0.v20230517-2120]
[2023-08-10 18:26:23] Installing org.eclipse.lsp4j.jsonrpc [0.21.0.v20230517-2120]
[2023-08-10 18:26:23] Installing org.eclipse.ltk.core.refactoring [3.14.0.v20230323-1830]
[2023-08-10 18:26:23] Installing org.eclipse.ltk.ui.refactoring [3.13.0.v20230325-0319]
[2023-08-10 18:26:23] Installing org.eclipse.m2e.apt.core [2.2.100.20230520-0934]
[2023-08-10 18:26:23] Installing org.eclipse.m2e.apt.ui [2.0.400.20230520-0934]
[2023-08-10 18:26:23] Installing org.eclipse.m2e.archetype.common [3.2.103.20230102-2253]
[2023-08-10 18:26:23] Installing org.eclipse.m2e.binaryproject [2.1.200.20230520-0934]
[2023-08-10 18:26:23] Installing org.eclipse.m2e.binaryproject.ui [2.0.100.20230520-0934]
[2023-08-10 18:26:23] Installing org.eclipse.m2e.core [2.0.8.20230520-0934]
[2023-08-10 18:26:23] Installing org.eclipse.m2e.core.ui [2.0.5.20230320-1220]
[2023-08-10 18:26:23] Installing org.eclipse.m2e.discovery [2.0.200.20230210-1347]
[2023-08-10 18:26:23] Installing org.eclipse.m2e.editor [2.0.300.20230130-0743]
[2023-08-10 18:26:23] Installing org.eclipse.m2e.editor.lemminx [2.0.3.20230520-0934]
[2023-08-10 18:26:23] Installing org.eclipse.m2e.feature.feature.group [2.3.0.20230523-2033]
[2023-08-10 18:26:23] Installing org.eclipse.m2e.feature.feature.jar [2.3.0.20230523-2033]
[2023-08-10 18:26:23] Installing org.eclipse.m2e.jdt [2.3.0.20230523-2033]
[2023-08-10 18:26:23] Installing org.eclipse.m2e.jdt.ui [2.0.200.20230228-2348]
[2023-08-10 18:26:23] Installing org.eclipse.m2e.launching [2.0.500.20230329-2139]
[2023-08-10 18:26:23] Installing org.eclipse.m2e.lemminx.feature.feature.group [2.0.4.20230520-0934]
[2023-08-10 18:26:23] Installing org.eclipse.m2e.lemminx.feature.feature.jar [2.0.4.20230520-0934]
[2023-08-10 18:26:23] Installing org.eclipse.m2e.logback [2.1.200.20230523-2106]
[2023-08-10 18:26:23] Installing org.eclipse.m2e.logback.feature.feature.group [2.1.2.20230523-2106]
[2023-08-10 18:26:23] Installing org.eclipse.m2e.logback.feature.feature.jar [2.1.2.20230523-2106]
[2023-08-10 18:26:23] Installing org.eclipse.m2e.maven.runtime [3.9.100.20230519-1558]
[2023-08-10 18:26:23] Installing org.eclipse.m2e.mavenarchiver [2.0.400.20230520-0934]
[2023-08-10 18:26:23] Installing org.eclipse.m2e.model.edit [2.0.300.20230320-2130]
[2023-08-10 18:26:23] Installing org.eclipse.m2e.profiles.core [2.1.200.20230520-0934]
[2023-08-10 18:26:23] Installing org.eclipse.m2e.profiles.ui [2.0.300.20230520-0934]
[2023-08-10 18:26:23] Installing org.eclipse.m2e.refactoring [2.0.300.20221210-1303]
[2023-08-10 18:26:23] Installing org.eclipse.m2e.scm [2.0.200.20230207-0948]
[2023-08-10 18:26:23] Installing org.eclipse.m2e.sourcelookup [2.0.300.20230520-0934]
[2023-08-10 18:26:23] Installing org.eclipse.m2e.sourcelookup.ui [2.0.300.20230520-0934]
[2023-08-10 18:26:23] Installing org.eclipse.m2e.workspace.cli [0.3.1]
[2023-08-10 18:26:23] Installing org.eclipse.mylyn.builds.core [3.26.1.v20230604-1755]
[2023-08-10 18:26:23] Installing org.eclipse.mylyn.builds.feature.group [3.26.1.v20230604-1755]
[2023-08-10 18:26:23] Installing org.eclipse.mylyn.builds.feature.jar [3.26.1.v20230604-1755]
[2023-08-10 18:26:23] Installing org.eclipse.mylyn.builds.ui [3.26.1.v20230604-1755]
[2023-08-10 18:26:23] Installing org.eclipse.mylyn.commons.activity.feature.group [3.26.1.v20230604-1755]
[2023-08-10 18:26:23] Installing org.eclipse.mylyn.commons.activity.feature.jar [3.26.1.v20230604-1755]
[2023-08-10 18:26:23] Installing org.eclipse.mylyn.commons.activity.ui [3.26.1.v20230604-1755]
[2023-08-10 18:26:23] Installing org.eclipse.mylyn.commons.core [3.26.1.v20230604-1755]
[2023-08-10 18:26:23] Installing org.eclipse.mylyn.commons.feature.group [3.26.1.v20230604-1755]
[2023-08-10 18:26:23] Installing org.eclipse.mylyn.commons.feature.jar [3.26.1.v20230604-1755]
[2023-08-10 18:26:23] Installing org.eclipse.mylyn.commons.identity.core [3.26.1.v20230604-1755]
[2023-08-10 18:26:23] Installing org.eclipse.mylyn.commons.identity.feature.group [3.26.1.v20230604-1755]
[2023-08-10 18:26:23] Installing org.eclipse.mylyn.commons.identity.feature.jar [3.26.1.v20230604-1755]
[2023-08-10 18:26:23] Installing org.eclipse.mylyn.commons.net [3.26.1.v20230604-1755]
[2023-08-10 18:26:23] Installing org.eclipse.mylyn.commons.notifications.core [3.26.1.v20230604-1755]
[2023-08-10 18:26:23] Installing org.eclipse.mylyn.commons.notifications.feature.group [3.26.1.v20230604-1755]
[2023-08-10 18:26:23] Installing org.eclipse.mylyn.commons.notifications.feature.jar [3.26.1.v20230604-1755]
[2023-08-10 18:26:23] Installing org.eclipse.mylyn.commons.notifications.feed [3.26.1.v20230604-1755]
[2023-08-10 18:26:23] Installing org.eclipse.mylyn.commons.notifications.ui [3.26.1.v20230604-1755]
[2023-08-10 18:26:23] Installing org.eclipse.mylyn.commons.repositories.core [3.26.1.v20230604-1755]
[2023-08-10 18:26:23] Installing org.eclipse.mylyn.commons.repositories.feature.group [3.26.1.v20230604-1755]
[2023-08-10 18:26:23] Installing org.eclipse.mylyn.commons.repositories.feature.jar [3.26.1.v20230604-1755]
[2023-08-10 18:26:23] Installing org.eclipse.mylyn.commons.repositories.http.core [3.26.1.v20230604-1755]
[2023-08-10 18:26:23] Installing org.eclipse.mylyn.commons.repositories.http.feature.group [3.26.1.v20230604-1755]
[2023-08-10 18:26:23] Installing org.eclipse.mylyn.commons.repositories.http.feature.jar [3.26.1.v20230604-1755]
[2023-08-10 18:26:23] Installing org.eclipse.mylyn.commons.repositories.ui [3.26.1.v20230604-1755]
[2023-08-10 18:26:23] Installing org.eclipse.mylyn.commons.screenshots [3.26.1.v20230604-1755]
[2023-08-10 18:26:23] Installing org.eclipse.mylyn.commons.ui [3.26.1.v20230604-1755]
[2023-08-10 18:26:23] Installing org.eclipse.mylyn.commons.workbench [3.26.1.v20230604-1755]
[2023-08-10 18:26:23] Installing org.eclipse.mylyn.context.core [3.26.1.v20230604-1755]
[2023-08-10 18:26:23] Installing org.eclipse.mylyn.context.tasks.ui [3.26.1.v20230604-1755]
[2023-08-10 18:26:23] Installing org.eclipse.mylyn.context.ui [3.26.1.v20230604-1755]
[2023-08-10 18:26:23] Installing org.eclipse.mylyn.context_feature.feature.group [3.26.1.v20230604-1755]
[2023-08-10 18:26:23] Installing org.eclipse.mylyn.context_feature.feature.jar [3.26.1.v20230604-1755]
[2023-08-10 18:26:23] Installing org.eclipse.mylyn.debug.ui [3.26.1.v20230604-1755]
[2023-08-10 18:26:23] Installing org.eclipse.mylyn.discovery.core [3.26.1.v20230604-1755]
[2023-08-10 18:26:23] Installing org.eclipse.mylyn.discovery.feature.group [3.26.1.v20230604-1755]
[2023-08-10 18:26:23] Installing org.eclipse.mylyn.discovery.feature.jar [3.26.1.v20230604-1755]
[2023-08-10 18:26:23] Installing org.eclipse.mylyn.discovery.ui [3.26.1.v20230604-1755]
[2023-08-10 18:26:23] Installing org.eclipse.mylyn.egit.feature.feature.group [3.26.1.v20230531-0547]
[2023-08-10 18:26:23] Installing org.eclipse.mylyn.egit.feature.feature.jar [3.26.1.v20230531-0547]
[2023-08-10 18:26:23] Installing org.eclipse.mylyn.egit.ui [3.26.1.v20230531-0547]
[2023-08-10 18:26:23] Installing org.eclipse.mylyn.git.core [3.26.1.v20230604-1755]
[2023-08-10 18:26:23] Installing org.eclipse.mylyn.git.feature.group [3.26.1.v20230604-1755]
[2023-08-10 18:26:23] Installing org.eclipse.mylyn.git.feature.jar [3.26.1.v20230604-1755]
[2023-08-10 18:26:23] Installing org.eclipse.mylyn.git.ui [3.26.1.v20230604-1755]
[2023-08-10 18:26:23] Installing org.eclipse.mylyn.github.core [6.2.1.v20230531-0547]
[2023-08-10 18:26:23] Installing org.eclipse.mylyn.github.doc [6.2.1.v20230523-1926]
[2023-08-10 18:26:23] Installing org.eclipse.mylyn.github.feature.feature.group [6.2.1.v20230531-0547]
[2023-08-10 18:26:23] Installing org.eclipse.mylyn.github.feature.feature.jar [6.2.1.v20230531-0547]
[2023-08-10 18:26:23] Installing org.eclipse.mylyn.github.ui [6.2.1.v20230531-0547]
[2023-08-10 18:26:23] Installing org.eclipse.mylyn.help.ui [3.26.1.v20230604-1755]
[2023-08-10 18:26:23] Installing org.eclipse.mylyn.hudson.core [3.26.1.v20230604-1755]
[2023-08-10 18:26:23] Installing org.eclipse.mylyn.hudson.feature.group [3.26.1.v20230604-1755]
[2023-08-10 18:26:23] Installing org.eclipse.mylyn.hudson.feature.jar [3.26.1.v20230604-1755]
[2023-08-10 18:26:23] Installing org.eclipse.mylyn.hudson.ui [3.26.1.v20230604-1755]
[2023-08-10 18:26:23] Installing org.eclipse.mylyn.ide.ant [3.26.1.v20230604-1755]
[2023-08-10 18:26:23] Installing org.eclipse.mylyn.ide.ui [3.26.1.v20230604-1755]
[2023-08-10 18:26:23] Installing org.eclipse.mylyn.ide_feature.feature.group [3.26.1.v20230604-1755]
[2023-08-10 18:26:23] Installing org.eclipse.mylyn.ide_feature.feature.jar [3.26.1.v20230604-1755]
[2023-08-10 18:26:23] Installing org.eclipse.mylyn.java.tasks [3.26.1.v20230604-1755]
[2023-08-10 18:26:23] Installing org.eclipse.mylyn.java.ui [3.26.1.v20230604-1755]
[2023-08-10 18:26:23] Installing org.eclipse.mylyn.java_feature.feature.group [3.26.1.v20230604-1755]
[2023-08-10 18:26:23] Installing org.eclipse.mylyn.java_feature.feature.jar [3.26.1.v20230604-1755]
[2023-08-10 18:26:23] Installing org.eclipse.mylyn.monitor.core [3.26.1.v20230604-1755]
[2023-08-10 18:26:23] Installing org.eclipse.mylyn.monitor.feature.group [3.26.1.v20230604-1755]
[2023-08-10 18:26:23] Installing org.eclipse.mylyn.monitor.feature.jar [3.26.1.v20230604-1755]
[2023-08-10 18:26:23] Installing org.eclipse.mylyn.monitor.ui [3.26.1.v20230604-1755]
[2023-08-10 18:26:23] Installing org.eclipse.mylyn.resources.ui [3.26.1.v20230604-1755]
[2023-08-10 18:26:23] Installing org.eclipse.mylyn.reviews.core [3.26.1.v20230604-1755]
[2023-08-10 18:26:23] Installing org.eclipse.mylyn.reviews.edit [3.26.1.v20230604-1755]
[2023-08-10 18:26:23] Installing org.eclipse.mylyn.reviews.feature.feature.group [3.26.1.v20230604-1755]
[2023-08-10 18:26:23] Installing org.eclipse.mylyn.reviews.feature.feature.jar [3.26.1.v20230604-1755]
[2023-08-10 18:26:23] Installing org.eclipse.mylyn.reviews.ui [3.26.1.v20230604-1755]
[2023-08-10 18:26:23] Installing org.eclipse.mylyn.tasks.bugs [3.26.1.v20230604-1755]
[2023-08-10 18:26:23] Installing org.eclipse.mylyn.tasks.core [3.26.1.v20230604-1755]
[2023-08-10 18:26:23] Installing org.eclipse.mylyn.tasks.ide.feature.group [3.26.1.v20230604-1755]
[2023-08-10 18:26:23] Installing org.eclipse.mylyn.tasks.ide.feature.jar [3.26.1.v20230604-1755]
[2023-08-10 18:26:23] Installing org.eclipse.mylyn.tasks.index.core [3.26.1.v20230604-1755]
[2023-08-10 18:26:23] Installing org.eclipse.mylyn.tasks.index.ui [3.26.1.v20230604-1755]
[2023-08-10 18:26:23] Installing org.eclipse.mylyn.tasks.search [3.26.1.v20230604-1755]
[2023-08-10 18:26:23] Installing org.eclipse.mylyn.tasks.ui [3.26.1.v20230604-1755]
[2023-08-10 18:26:23] Installing org.eclipse.mylyn.team.ui [3.26.1.v20230604-1755]
[2023-08-10 18:26:23] Installing org.eclipse.mylyn.team_feature.feature.group [3.26.1.v20230604-1755]
[2023-08-10 18:26:23] Installing org.eclipse.mylyn.team_feature.feature.jar [3.26.1.v20230604-1755]
[2023-08-10 18:26:23] Installing org.eclipse.mylyn.versions.core [3.26.1.v20230604-1755]
[2023-08-10 18:26:23] Installing org.eclipse.mylyn.versions.feature.group [3.26.1.v20230604-1755]
[2023-08-10 18:26:23] Installing org.eclipse.mylyn.versions.feature.jar [3.26.1.v20230604-1755]
[2023-08-10 18:26:23] Installing org.eclipse.mylyn.versions.ui [3.26.1.v20230604-1755]
[2023-08-10 18:26:23] Installing org.eclipse.mylyn.wikitext [3.0.46.202301111837]
[2023-08-10 18:26:23] Installing org.eclipse.mylyn.wikitext.ant [3.0.46.202301111837]
[2023-08-10 18:26:23] Installing org.eclipse.mylyn.wikitext.asciidoc [3.0.46.202301111837]
[2023-08-10 18:26:23] Installing org.eclipse.mylyn.wikitext.asciidoc.ui [3.0.46.202301111837]
[2023-08-10 18:26:23] Installing org.eclipse.mylyn.wikitext.confluence [3.0.46.202301111837]
[2023-08-10 18:26:23] Installing org.eclipse.mylyn.wikitext.confluence.ui [3.0.46.202301111837]
[2023-08-10 18:26:23] Installing org.eclipse.mylyn.wikitext.editors_feature.feature.group [3.0.46.202301111837]
[2023-08-10 18:26:23] Installing org.eclipse.mylyn.wikitext.editors_feature.feature.jar [3.0.46.202301111837]
[2023-08-10 18:26:23] Installing org.eclipse.mylyn.wikitext.help.ui [3.0.46.202301111837]
[2023-08-10 18:26:23] Installing org.eclipse.mylyn.wikitext.html [3.0.46.202301111837]
[2023-08-10 18:26:23] Installing org.eclipse.mylyn.wikitext.markdown [3.0.46.202301111837]
[2023-08-10 18:26:23] Installing org.eclipse.mylyn.wikitext.markdown.ui [3.0.46.202301111837]
[2023-08-10 18:26:23] Installing org.eclipse.mylyn.wikitext.mediawiki [3.0.46.202301111837]
[2023-08-10 18:26:23] Installing org.eclipse.mylyn.wikitext.mediawiki.ui [3.0.46.202301111837]
[2023-08-10 18:26:23] Installing org.eclipse.mylyn.wikitext.osgi [3.0.46.202301111837]
[2023-08-10 18:26:23] Installing org.eclipse.mylyn.wikitext.textile [3.0.46.202301111837]
[2023-08-10 18:26:23] Installing org.eclipse.mylyn.wikitext.textile.ui [3.0.46.202301111837]
[2023-08-10 18:26:23] Installing org.eclipse.mylyn.wikitext.tracwiki [3.0.46.202301111837]
[2023-08-10 18:26:23] Installing org.eclipse.mylyn.wikitext.tracwiki.ui [3.0.46.202301111837]
[2023-08-10 18:26:23] Installing org.eclipse.mylyn.wikitext.twiki [3.0.46.202301111837]
[2023-08-10 18:26:23] Installing org.eclipse.mylyn.wikitext.twiki.ui [3.0.46.202301111837]
[2023-08-10 18:26:23] Installing org.eclipse.mylyn.wikitext.ui [3.0.46.202301111837]
[2023-08-10 18:26:23] Installing org.eclipse.mylyn.wikitext_feature.feature.group [3.0.46.202301111837]
[2023-08-10 18:26:23] Installing org.eclipse.mylyn.wikitext_feature.feature.jar [3.0.46.202301111837]
[2023-08-10 18:26:23] Installing org.eclipse.mylyn_feature.feature.group [3.26.1.v20230604-1755]
[2023-08-10 18:26:23] Installing org.eclipse.mylyn_feature.feature.jar [3.26.1.v20230604-1755]
[2023-08-10 18:26:23] Installing org.eclipse.nebula.cwt [1.0.0.201703081533]
[2023-08-10 18:26:23] Installing org.eclipse.nebula.widgets.cdatetime [1.5.0.202303072132]
[2023-08-10 18:26:23] Installing org.eclipse.nebula.widgets.tablecombo [1.2.0.202305300939]
[2023-08-10 18:26:23] Installing org.eclipse.oomph.base [1.18.0.v20230617-1322]
[2023-08-10 18:26:23] Installing org.eclipse.oomph.base.edit [1.17.0.v20230617-1322]
[2023-08-10 18:26:23] Installing org.eclipse.oomph.extractor.lib [1.9.0.v20220421-1218]
[2023-08-10 18:26:23] Installing org.eclipse.oomph.jreinfo [1.18.0.v20230801-1442]
[2023-08-10 18:26:23] Installing org.eclipse.oomph.jreinfo.ui [1.15.0.v20220520-1242]
[2023-08-10 18:26:23] Installing org.eclipse.oomph.jreinfo.win32.x86_64 [1.8.0.v20220421-1218]
[2023-08-10 18:26:23] Installing org.eclipse.oomph.p2 [1.17.0.v20230617-1322]
[2023-08-10 18:26:23] Installing org.eclipse.oomph.p2.core [1.26.0.v20230617-1322]
[2023-08-10 18:26:23] Installing org.eclipse.oomph.p2.doc [1.14.0.v20230625-0755]
[2023-08-10 18:26:23] Installing org.eclipse.oomph.p2.edit [1.17.0.v20230204-0932]
[2023-08-10 18:26:23] Installing org.eclipse.oomph.p2.feature.group [1.27.0.v20230625-0922]
[2023-08-10 18:26:23] Installing org.eclipse.oomph.p2.feature.jar [1.27.0.v20230625-0922]
[2023-08-10 18:26:23] Installing org.eclipse.oomph.p2.ui [1.21.0.v20230625-0922]
[2023-08-10 18:26:23] Installing org.eclipse.oomph.predicates [1.17.0.v20230617-1322]
[2023-08-10 18:26:23] Installing org.eclipse.oomph.predicates.edit [1.15.0.v20230416-0642]
[2023-08-10 18:26:23] Installing org.eclipse.oomph.preferences [1.14.0.v20230617-1322]
[2023-08-10 18:26:23] Installing org.eclipse.oomph.resources [1.18.0.v20230617-1322]
[2023-08-10 18:26:23] Installing org.eclipse.oomph.resources.edit [1.13.0.v20230204-0932]
[2023-08-10 18:26:23] Installing org.eclipse.oomph.setup [1.27.0.v20230714-1137]
[2023-08-10 18:26:23] Installing org.eclipse.oomph.setup.core [1.28.0.v20230618-0610]
[2023-08-10 18:26:23] Installing org.eclipse.oomph.setup.core.feature.group [1.28.0.v20230801-1442]
[2023-08-10 18:26:23] Installing org.eclipse.oomph.setup.core.feature.jar [1.28.0.v20230801-1442]
[2023-08-10 18:26:23] Installing org.eclipse.oomph.setup.doc [1.14.0.v20230618-0610]
[2023-08-10 18:26:23] Installing org.eclipse.oomph.setup.edit [1.16.0.v20220421-1218]
[2023-08-10 18:26:23] Installing org.eclipse.oomph.setup.editor [1.26.0.v20230718-1506]
[2023-08-10 18:26:23] Installing org.eclipse.oomph.setup.feature.group [1.29.0.v20230801-1442]
[2023-08-10 18:26:23] Installing org.eclipse.oomph.setup.feature.jar [1.29.0.v20230801-1442]
[2023-08-10 18:26:23] Installing org.eclipse.oomph.setup.p2 [1.20.0.v20230617-1322]
[2023-08-10 18:26:23] Installing org.eclipse.oomph.setup.p2.edit [1.16.0.v20230617-1322]
[2023-08-10 18:26:23] Installing org.eclipse.oomph.setup.sync [1.14.0.v20220421-1218]
[2023-08-10 18:26:23] Installing org.eclipse.oomph.setup.ui [1.27.0.v20230625-0755]
[2023-08-10 18:26:23] Installing org.eclipse.oomph.setup.ui.questionnaire [1.13.0.v20220421-1218]
[2023-08-10 18:26:23] Installing org.eclipse.oomph.ui [1.19.0.v20230625-0755]
[2023-08-10 18:26:23] Installing org.eclipse.oomph.util [1.20.0.v20230620-1408]
[2023-08-10 18:26:23] Installing org.eclipse.oomph.workingsets [1.14.0.v20230617-1322]
[2023-08-10 18:26:23] Installing org.eclipse.oomph.workingsets.edit [1.13.0.v20230204-0932]
[2023-08-10 18:26:23] Installing org.eclipse.oomph.workingsets.editor [1.15.0.v20230617-1322]
[2023-08-10 18:26:23] Installing org.eclipse.osgi [3.18.400.v20230509-2241]
[2023-08-10 18:26:23] Installing org.eclipse.osgi.compatibility.state [1.2.800.v20221116-1440]
[2023-08-10 18:26:23] Installing org.eclipse.osgi.services [3.11.100.v20221006-1531]
[2023-08-10 18:26:23] Installing org.eclipse.osgi.util [3.7.200.v20230103-1101]
[2023-08-10 18:26:23] Installing org.eclipse.platform [4.28.0.v20230605-0440]
[2023-08-10 18:26:23] Installing org.eclipse.platform.doc.user [4.28.0.v20230601-1614]
[2023-08-10 18:26:23] Installing org.eclipse.platform.feature.group [4.28.0.v20230605-0440]
[2023-08-10 18:26:23] Installing org.eclipse.platform.feature.jar [4.28.0.v20230605-0440]
[2023-08-10 18:26:23] Installing org.eclipse.platform_root [4.28.0.v20230605-0440]
[2023-08-10 18:26:23] Installing org.eclipse.rcp [4.28.0.v20230605-0440]
[2023-08-10 18:26:23] Installing org.eclipse.rcp.feature.group [4.28.0.v20230605-0440]
[2023-08-10 18:26:23] Installing org.eclipse.rcp.feature.jar [4.28.0.v20230605-0440]
[2023-08-10 18:26:23] Installing org.eclipse.rcp_root [4.28.0.v20230605-0440]
[2023-08-10 18:26:23] Installing org.eclipse.search [3.15.0.v20230427-2049]
[2023-08-10 18:26:23] Installing org.eclipse.swt [3.124.0.v20230523-1044]
[2023-08-10 18:26:23] Installing org.eclipse.swt.win32.win32.x86_64 [3.124.0.v20230523-1044]
[2023-08-10 18:26:23] Installing org.eclipse.team.core [3.10.0.v20230317-0901]
[2023-08-10 18:26:23] Installing org.eclipse.team.genericeditor.diff.extension [1.2.0.v20230317-0901]
[2023-08-10 18:26:23] Installing org.eclipse.team.ui [3.10.0.v20230317-0901]
[2023-08-10 18:26:23] Installing org.eclipse.text [3.13.0.v20230316-1200]
[2023-08-10 18:26:23] Installing org.eclipse.text.quicksearch [1.2.100.v20230427-1010]
[2023-08-10 18:26:23] Installing org.eclipse.tips.core [0.3.0.v20230317-0802]
[2023-08-10 18:26:23] Installing org.eclipse.tips.feature.feature.group [0.4.0.v20230429-1617]
[2023-08-10 18:26:23] Installing org.eclipse.tips.feature.feature.jar [0.4.0.v20230429-1617]
[2023-08-10 18:26:23] Installing org.eclipse.tips.ide [0.3.0.v20230429-1617]
[2023-08-10 18:26:23] Installing org.eclipse.tips.json [0.3.0.v20230317-0802]
[2023-08-10 18:26:23] Installing org.eclipse.tips.ui [0.3.0.v20230317-0802]
[2023-08-10 18:26:23] Installing org.eclipse.tm.terminal.connector.local [4.8.0.202211062329]
[2023-08-10 18:26:23] Installing org.eclipse.tm.terminal.connector.local.feature.feature.group [11.2.0.202303140100]
[2023-08-10 18:26:23] Installing org.eclipse.tm.terminal.connector.local.feature.feature.jar [11.2.0.202303140100]
[2023-08-10 18:26:23] Installing org.eclipse.tm.terminal.connector.process [4.9.0.202211062329]
[2023-08-10 18:26:23] Installing org.eclipse.tm.terminal.connector.ssh [4.8.100.202303140100]
[2023-08-10 18:26:23] Installing org.eclipse.tm.terminal.connector.ssh.feature.feature.group [11.2.0.202303140100]
[2023-08-10 18:26:23] Installing org.eclipse.tm.terminal.connector.ssh.feature.feature.jar [11.2.0.202303140100]
[2023-08-10 18:26:23] Installing org.eclipse.tm.terminal.connector.telnet [4.8.0.202211062329]
[2023-08-10 18:26:23] Installing org.eclipse.tm.terminal.connector.telnet.feature.feature.group [11.2.0.202303140100]
[2023-08-10 18:26:23] Installing org.eclipse.tm.terminal.connector.telnet.feature.feature.jar [11.2.0.202303140100]
[2023-08-10 18:26:23] Installing org.eclipse.tm.terminal.control [5.4.100.202303140100]
[2023-08-10 18:26:23] Installing org.eclipse.tm.terminal.control.feature.feature.group [11.2.0.202303140100]
[2023-08-10 18:26:23] Installing org.eclipse.tm.terminal.control.feature.feature.jar [11.2.0.202303140100]
[2023-08-10 18:26:23] Installing org.eclipse.tm.terminal.feature.feature.group [11.2.0.202303131754]
[2023-08-10 18:26:23] Installing org.eclipse.tm.terminal.feature.feature.jar [11.2.0.202303131754]
[2023-08-10 18:26:23] Installing org.eclipse.tm.terminal.view.core [4.9.100.202303140100]
[2023-08-10 18:26:23] Installing org.eclipse.tm.terminal.view.feature.feature.group [11.2.0.202304132101]
[2023-08-10 18:26:23] Installing org.eclipse.tm.terminal.view.feature.feature.jar [11.2.0.202304132101]
[2023-08-10 18:26:23] Installing org.eclipse.tm.terminal.view.ui [4.11.100.202304132101]
[2023-08-10 18:26:23] Installing org.eclipse.tm4e.core [0.5.4.202305171341]
[2023-08-10 18:26:23] Installing org.eclipse.tm4e.languageconfiguration [0.5.5.202305171341]
[2023-08-10 18:26:23] Installing org.eclipse.tm4e.registry [0.6.3.202303141648]
[2023-08-10 18:26:23] Installing org.eclipse.tm4e.ui [0.6.4.202305161247]
[2023-08-10 18:26:23] Installing org.eclipse.ui [3.203.100.v20230417-1307]
[2023-08-10 18:26:23] Installing org.eclipse.ui.browser [3.8.0.v20230329-1440]
[2023-08-10 18:26:23] Installing org.eclipse.ui.cheatsheets [3.8.0.v20230317-0802]
[2023-08-10 18:26:23] Installing org.eclipse.ui.console [3.12.0.v20230317-0802]
[2023-08-10 18:26:23] Installing org.eclipse.ui.editors [3.16.0.v20230329-1609]
[2023-08-10 18:26:23] Installing org.eclipse.ui.externaltools [3.6.0.v20230317-0802]
[2023-08-10 18:26:23] Installing org.eclipse.ui.forms [3.12.0.v20230317-0802]
[2023-08-10 18:26:23] Installing org.eclipse.ui.genericeditor [1.3.0.v20230516-1137]
[2023-08-10 18:26:23] Installing org.eclipse.ui.ide [3.21.0.v20230526-1500]
[2023-08-10 18:26:23] Installing org.eclipse.ui.ide.application [1.5.0.v20230526-1051]
[2023-08-10 18:26:23] Installing org.eclipse.ui.intro [3.7.0.v20230503-0628]
[2023-08-10 18:26:23] Installing org.eclipse.ui.intro.quicklinks [1.2.0.v20230429-1610]
[2023-08-10 18:26:23] Installing org.eclipse.ui.intro.universal [3.5.0.v20230317-0802]
[2023-08-10 18:26:23] Installing org.eclipse.ui.monitoring [1.3.0.v20230317-0802]
[2023-08-10 18:26:23] Installing org.eclipse.ui.navigator [3.12.0.v20230329-1313]
[2023-08-10 18:26:23] Installing org.eclipse.ui.navigator.resources [3.9.0.v20230317-0802]
[2023-08-10 18:26:23] Installing org.eclipse.ui.net [1.5.0.v20230317-0901]
[2023-08-10 18:26:23] Installing org.eclipse.ui.themes [1.2.2200.v20230220-0932]
[2023-08-10 18:26:23] Installing org.eclipse.ui.views [3.12.0.v20230317-0802]
[2023-08-10 18:26:23] Installing org.eclipse.ui.views.log [1.4.0.v20230418-0745]
[2023-08-10 18:26:23] Installing org.eclipse.ui.views.properties.tabbed [3.10.0.v20230317-0802]
[2023-08-10 18:26:23] Installing org.eclipse.ui.win32 [3.5.0.v20230317-0802]
[2023-08-10 18:26:23] Installing org.eclipse.ui.workbench [3.129.0.v20230525-0648]
[2023-08-10 18:26:23] Installing org.eclipse.ui.workbench.texteditor [3.17.0.v20230316-1200]
[2023-08-10 18:26:23] Installing org.eclipse.update.configurator [3.5.0.v20230317-0901]
[2023-08-10 18:26:23] Installing org.eclipse.urischeme [1.3.0.v20230317-0802]
[2023-08-10 18:26:23] Installing org.eclipse.userstorage [1.2.0.v20210517-0327]
[2023-08-10 18:26:23] Installing org.eclipse.userstorage.feature.group [1.2.0.v20210517-0327]
[2023-08-10 18:26:23] Installing org.eclipse.userstorage.feature.jar [1.2.0.v20210517-0327]
[2023-08-10 18:26:23] Installing org.eclipse.userstorage.oauth [1.1.0.v20190307-0457]
[2023-08-10 18:26:23] Installing org.eclipse.userstorage.ui [1.1.0.v20190307-0457]
[2023-08-10 18:26:23] Installing org.eclipse.wildwebdeveloper.xml [1.1.0.202304242122]
[2023-08-10 18:26:23] Installing org.eclipse.wildwebdeveloper.xml.feature.feature.group [1.1.0.202304242122]
[2023-08-10 18:26:23] Installing org.eclipse.wildwebdeveloper.xml.feature.feature.jar [1.1.0.202304242122]
[2023-08-10 18:26:23] Installing org.eclipse.wst.common.core [1.4.100.v202103232321]
[2023-08-10 18:26:23] Installing org.eclipse.wst.common.emf [1.2.700.v202007161535]
[2023-08-10 18:26:23] Installing org.eclipse.wst.common.environment [1.0.401.v202007142017]
[2023-08-10 18:26:23] Installing org.eclipse.wst.common.frameworks [1.2.202.v202108200212]
[2023-08-10 18:26:23] Installing org.eclipse.wst.common.uriresolver [1.3.0.v202007161535]
[2023-08-10 18:26:23] Installing org.eclipse.wst.sse.core [1.2.1100.v202305221405]
[2023-08-10 18:26:23] Installing org.eclipse.wst.xml.core [1.2.700.v202305221615]
[2023-08-10 18:26:23] Installing org.glassfish.hk2.osgi-resource-locator [2.5.0.v20161103-1916]
[2023-08-10 18:26:23] Installing org.gradle.toolingapi [8.1.1.v20230428-1350]
[2023-08-10 18:26:23] Installing org.hamcrest.core [1.3.0.v20180420-1519]
[2023-08-10 18:26:23] Installing org.jacoco.agent [0.8.10.202304240956]
[2023-08-10 18:26:23] Installing org.jacoco.core [0.8.10.202304240956]
[2023-08-10 18:26:23] Installing org.jacoco.report [0.8.10.202304240956]
[2023-08-10 18:26:23] Installing org.jcodings [1.0.58]
[2023-08-10 18:26:23] Installing org.joni [2.1.48]
[2023-08-10 18:26:23] Installing org.jsoup [1.15.3]
[2023-08-10 18:26:23] Installing org.junit [4.13.2.v20211018-1956]
[2023-08-10 18:26:23] Installing org.objectweb.asm [9.5.0]
[2023-08-10 18:26:23] Installing org.objectweb.asm.commons [9.5.0]
[2023-08-10 18:26:23] Installing org.objectweb.asm.tree [9.5.0]
[2023-08-10 18:26:23] Installing org.objectweb.asm.tree.analysis [9.5.0]
[2023-08-10 18:26:23] Installing org.objectweb.asm.util [9.5.0]
[2023-08-10 18:26:23] Installing org.opentest4j [1.2.0]
[2023-08-10 18:26:23] Installing org.osgi.service.cm [1.6.1.202109301733]
[2023-08-10 18:26:23] Installing org.osgi.service.component [1.5.1.202212101352]
[2023-08-10 18:26:23] Installing org.osgi.service.device [1.1.1.202109301733]
[2023-08-10 18:26:23] Installing org.osgi.service.event [1.4.1.202109301733]
[2023-08-10 18:26:23] Installing org.osgi.service.metatype [1.4.1.202109301733]
[2023-08-10 18:26:23] Installing org.osgi.service.prefs [1.1.2.202109301733]
[2023-08-10 18:26:23] Installing org.osgi.service.provisioning [1.2.0.201505202024]
[2023-08-10 18:26:23] Installing org.osgi.service.upnp [1.2.1.202109301733]
[2023-08-10 18:26:23] Installing org.osgi.service.useradmin [1.1.1.202109301733]
[2023-08-10 18:26:23] Installing org.osgi.service.wireadmin [1.0.2.202109301733]
[2023-08-10 18:26:23] Installing org.osgi.util.function [1.2.0.202109301733]
[2023-08-10 18:26:23] Installing org.osgi.util.measurement [1.0.2.201802012109]
[2023-08-10 18:26:23] Installing org.osgi.util.position [1.0.1.201505202026]
[2023-08-10 18:26:23] Installing org.osgi.util.promise [1.3.0.202212101352]
[2023-08-10 18:26:23] Installing org.osgi.util.xml [1.0.2.202109301733]
[2023-08-10 18:26:23] Installing org.sat4j.core [2.3.6.v20201214]
[2023-08-10 18:26:23] Installing org.sat4j.pb [2.3.6.v20201214]
[2023-08-10 18:26:23] Installing org.slf4j.api [1.7.30.v20221112-0806]
[2023-08-10 18:26:23] Installing org.tukaani.xz [1.9.0]
[2023-08-10 18:26:23] Installing org.w3c.css.sac [1.3.1.v200903091627]
[2023-08-10 18:26:23] Installing org.w3c.dom.events [3.0.0.draft20060413_v201105210656]
[2023-08-10 18:26:23] Installing org.w3c.dom.smil [1.0.1.v200903091627]
[2023-08-10 18:26:23] Installing org.w3c.dom.svg [1.1.0.v201011041433]
[2023-08-10 18:26:23] Installing org.yaml.snakeyaml [1.27.0.v20221112-0806]
[2023-08-10 18:26:23] Installing slf4j.api [2.0.7]
[2023-08-10 18:26:23] Installing slf4j.nop [2.0.7]
[2023-08-10 18:26:23] Installing tooling.org.eclipse.update.feature.default [1.0.0]
[2023-08-10 18:26:23] Installing tooling.osgi.bundle.default [1.0.0]
[2023-08-10 18:26:23] Installing tooling.source.default [1.0.0]
[2023-08-10 18:26:23] Installing toolingepp.package.java.application [4.28.0.20230608-1200]
[2023-08-10 18:26:23] Installing toolingepp.package.java.config.win32.win32.x86_64 [4.28.0.20230608-1200]
[2023-08-10 18:26:23] Installing toolingepp.package.java.configuration [4.28.0.20230608-1200]
[2023-08-10 18:26:23] Installing toolingepp.package.java.executable.win32.win32.x86_64 [4.28.0.20230608-1200]
[2023-08-10 18:26:23] Installing toolingepp.package.java.ini.win32.win32.x86_64 [4.28.0.20230608-1200]
[2023-08-10 18:26:23] Installing toolingorg.eclipse.epp.java.configuration [1.0.0]
[2023-08-10 18:26:23] Installing toolingorg.eclipse.equinox.launcher [1.6.400.v20210924-0641]
[2023-08-10 18:26:23] Installing toolingorg.eclipse.equinox.launcher.win32.win32.x86_64 [1.2.700.v20221108-1024]
[2023-08-10 18:26:23] Installing toolingwin32.win32.x86_64org.apache.felix.scr [4.28.0.20230608-1200]
[2023-08-10 18:26:23] Installing toolingwin32.win32.x86_64org.eclipse.core.runtime [4.28.0.20230608-1200]
[2023-08-10 18:26:23] Installing toolingwin32.win32.x86_64org.eclipse.equinox.common [4.28.0.20230608-1200]
[2023-08-10 18:26:23] Installing toolingwin32.win32.x86_64org.eclipse.equinox.event [4.28.0.20230608-1200]
[2023-08-10 18:26:23] Installing toolingwin32.win32.x86_64org.eclipse.equinox.p2.reconciler.dropins [4.28.0.20230608-1200]
[2023-08-10 18:26:23] Installing toolingwin32.win32.x86_64org.eclipse.equinox.simpleconfigurator [4.28.0.20230608-1200]
[2023-08-10 18:26:24] Preparing to commit the provisioning operation.
[2023-08-10 18:26:24] Committing the provisioning operation.
[2023-08-10 18:26:26] Performing Eclipse Ini --launcher.appendVmargs
[2023-08-10 18:26:26] Performing Eclipse Ini -Declipse.p2.max.threads=10
[2023-08-10 18:26:26] Changing D:\SYBCA\CORE JAVA\Unit-2\eclipse\eclipse.ini (-Declipse.p2.max.threads=10)
[2023-08-10 18:26:26] Performing Eclipse Ini -Doomph.update.url=https://download.eclipse.org/oomph/updates/milestone/latest
[2023-08-10 18:26:26] Changing D:\SYBCA\CORE JAVA\Unit-2\eclipse\eclipse.ini (-Doomph.update.url=https://download.eclipse.org/oomph/updates/milestone/latest)
[2023-08-10 18:26:26] Performing Eclipse Ini -Doomph.redirection.index.redirection=index:/->http://git.eclipse.org/c/oomph/org.eclipse.oomph.git/plain/setups/
[2023-08-10 18:26:26] Changing D:\SYBCA\CORE JAVA\Unit-2\eclipse\eclipse.ini (-Doomph.redirection.index.redirection=index:/->http://git.eclipse.org/c/oomph/org.eclipse.oomph.git/plain/setups/)
[2023-08-10 18:26:26] Performing post bootstrap tasks
[2023-08-10 18:26:26] 
